<?xml version="1.0" encoding="UTF-8"?>
<coverage generated="1735476841978" clover="3.2.0">
  <project timestamp="1735476841978" name="All files">
    <metrics statements="113" coveredstatements="108" conditionals="15" coveredconditionals="14" methods="48" coveredmethods="43" elements="176" coveredelements="165" complexity="0" loc="113" ncloc="113" packages="7" files="16" classes="16"/>
    <package name="account.application.use-case">
      <metrics statements="23" coveredstatements="23" conditionals="3" coveredconditionals="3" methods="4" coveredmethods="4"/>
      <file name="add-transaction-use-case.ts" path="/Users/alan.lima/Documents/projects/plutos/plutos-api/src/modules/account/application/use-case/add-transaction-use-case.ts">
        <metrics statements="18" coveredstatements="18" conditionals="3" coveredconditionals="3" methods="2" coveredmethods="2"/>
        <line num="1" count="1" type="stmt"/>
        <line num="2" count="1" type="stmt"/>
        <line num="3" count="1" type="stmt"/>
        <line num="9" count="1" type="stmt"/>
        <line num="11" count="6" type="stmt"/>
        <line num="12" count="6" type="stmt"/>
        <line num="13" count="6" type="stmt"/>
        <line num="17" count="6" type="stmt"/>
        <line num="18" count="5" type="cond" truecount="1" falsecount="0"/>
        <line num="19" count="1" type="stmt"/>
        <line num="20" count="4" type="cond" truecount="1" falsecount="0"/>
        <line num="21" count="2" type="stmt"/>
        <line num="22" count="1" type="cond" truecount="1" falsecount="0"/>
        <line num="23" count="1" type="stmt"/>
        <line num="25" count="2" type="stmt"/>
        <line num="31" count="2" type="stmt"/>
        <line num="32" count="2" type="stmt"/>
        <line num="33" count="2" type="stmt"/>
      </file>
      <file name="create-account-use-case.ts" path="/Users/alan.lima/Documents/projects/plutos/plutos-api/src/modules/account/application/use-case/create-account-use-case.ts">
        <metrics statements="5" coveredstatements="5" conditionals="0" coveredconditionals="0" methods="2" coveredmethods="2"/>
        <line num="1" count="1" type="stmt"/>
        <line num="5" count="1" type="stmt"/>
        <line num="6" count="1" type="stmt"/>
        <line num="9" count="1" type="stmt"/>
        <line num="15" count="1" type="stmt"/>
      </file>
    </package>
    <package name="account.domain.entity">
      <metrics statements="38" coveredstatements="36" conditionals="0" coveredconditionals="0" methods="21" coveredmethods="19"/>
      <file name="account.ts" path="/Users/alan.lima/Documents/projects/plutos/plutos-api/src/modules/account/domain/entity/account.ts">
        <metrics statements="17" coveredstatements="17" conditionals="0" coveredconditionals="0" methods="10" coveredmethods="10"/>
        <line num="1" count="3" type="stmt"/>
        <line num="16" count="3" type="stmt"/>
        <line num="25" count="8" type="stmt"/>
        <line num="26" count="8" type="stmt"/>
        <line num="27" count="8" type="stmt"/>
        <line num="28" count="8" type="stmt"/>
        <line num="29" count="8" type="stmt"/>
        <line num="30" count="8" type="stmt"/>
        <line num="34" count="7" type="stmt"/>
        <line num="42" count="1" type="stmt"/>
        <line num="46" count="16" type="stmt"/>
        <line num="50" count="2" type="stmt"/>
        <line num="54" count="2" type="stmt"/>
        <line num="58" count="2" type="stmt"/>
        <line num="62" count="3" type="stmt"/>
        <line num="66" count="5" type="stmt"/>
        <line num="70" count="2" type="stmt"/>
      </file>
      <file name="category.ts" path="/Users/alan.lima/Documents/projects/plutos/plutos-api/src/modules/account/domain/entity/category.ts">
        <metrics statements="10" coveredstatements="8" conditionals="0" coveredconditionals="0" methods="6" coveredmethods="4"/>
        <line num="1" count="1" type="stmt"/>
        <line num="12" count="1" type="stmt"/>
        <line num="18" count="1" type="stmt"/>
        <line num="19" count="1" type="stmt"/>
        <line num="20" count="1" type="stmt"/>
        <line num="24" count="1" type="stmt"/>
        <line num="28" count="0" type="stmt"/>
        <line num="32" count="2" type="stmt"/>
        <line num="36" count="0" type="stmt"/>
        <line num="40" count="1" type="stmt"/>
      </file>
      <file name="transaction.ts" path="/Users/alan.lima/Documents/projects/plutos/plutos-api/src/modules/account/domain/entity/transaction.ts">
        <metrics statements="11" coveredstatements="11" conditionals="0" coveredconditionals="0" methods="5" coveredmethods="5"/>
        <line num="1" count="1" type="stmt"/>
        <line num="15" count="1" type="stmt"/>
        <line num="23" count="2" type="stmt"/>
        <line num="24" count="2" type="stmt"/>
        <line num="25" count="2" type="stmt"/>
        <line num="26" count="2" type="stmt"/>
        <line num="27" count="2" type="stmt"/>
        <line num="31" count="2" type="stmt"/>
        <line num="35" count="1" type="stmt"/>
        <line num="39" count="1" type="stmt"/>
        <line num="43" count="4" type="stmt"/>
      </file>
    </package>
    <package name="account.domain.value-object">
      <metrics statements="4" coveredstatements="4" conditionals="2" coveredconditionals="2" methods="2" coveredmethods="2"/>
      <file name="id.ts" path="/Users/alan.lima/Documents/projects/plutos/plutos-api/src/modules/account/domain/value-object/id.ts">
        <metrics statements="4" coveredstatements="4" conditionals="2" coveredconditionals="2" methods="2" coveredmethods="2"/>
        <line num="1" count="3" type="stmt"/>
        <line num="3" count="3" type="stmt"/>
        <line num="7" count="29" type="cond" truecount="2" falsecount="0"/>
        <line num="11" count="34" type="stmt"/>
      </file>
    </package>
    <package name="account.error">
      <metrics statements="24" coveredstatements="22" conditionals="0" coveredconditionals="0" methods="8" coveredmethods="6"/>
      <file name="account-forbidden-error.ts" path="/Users/alan.lima/Documents/projects/plutos/plutos-api/src/modules/account/error/account-forbidden-error.ts">
        <metrics statements="6" coveredstatements="6" conditionals="0" coveredconditionals="0" methods="2" coveredmethods="2"/>
        <line num="1" count="1" type="stmt"/>
        <line num="3" count="1" type="stmt"/>
        <line num="4" count="1" type="stmt"/>
        <line num="7" count="1" type="stmt"/>
        <line num="8" count="1" type="stmt"/>
        <line num="12" count="1" type="stmt"/>
      </file>
      <file name="account-not-found-error.ts" path="/Users/alan.lima/Documents/projects/plutos/plutos-api/src/modules/account/error/account-not-found-error.ts">
        <metrics statements="6" coveredstatements="6" conditionals="0" coveredconditionals="0" methods="2" coveredmethods="2"/>
        <line num="1" count="2" type="stmt"/>
        <line num="3" count="2" type="stmt"/>
        <line num="4" count="1" type="stmt"/>
        <line num="7" count="1" type="stmt"/>
        <line num="8" count="1" type="stmt"/>
        <line num="12" count="1" type="stmt"/>
      </file>
      <file name="category-forbidden-error.ts" path="/Users/alan.lima/Documents/projects/plutos/plutos-api/src/modules/account/error/category-forbidden-error.ts">
        <metrics statements="6" coveredstatements="5" conditionals="0" coveredconditionals="0" methods="2" coveredmethods="1"/>
        <line num="1" count="1" type="stmt"/>
        <line num="3" count="1" type="stmt"/>
        <line num="4" count="1" type="stmt"/>
        <line num="7" count="1" type="stmt"/>
        <line num="8" count="1" type="stmt"/>
        <line num="12" count="0" type="stmt"/>
      </file>
      <file name="category-not-found-error.ts" path="/Users/alan.lima/Documents/projects/plutos/plutos-api/src/modules/account/error/category-not-found-error.ts">
        <metrics statements="6" coveredstatements="5" conditionals="0" coveredconditionals="0" methods="2" coveredmethods="1"/>
        <line num="1" count="1" type="stmt"/>
        <line num="3" count="1" type="stmt"/>
        <line num="4" count="1" type="stmt"/>
        <line num="7" count="1" type="stmt"/>
        <line num="8" count="1" type="stmt"/>
        <line num="12" count="0" type="stmt"/>
      </file>
    </package>
    <package name="account.infra.repository">
      <metrics statements="19" coveredstatements="18" conditionals="10" coveredconditionals="9" methods="12" coveredmethods="11"/>
      <file name="memory-account-repository.ts" path="/Users/alan.lima/Documents/projects/plutos/plutos-api/src/modules/account/infra/repository/memory-account-repository.ts">
        <metrics statements="9" coveredstatements="9" conditionals="5" coveredconditionals="4" methods="6" coveredmethods="6"/>
        <line num="3" count="2" type="stmt"/>
        <line num="5" count="2" type="stmt"/>
        <line num="9" count="7" type="cond" truecount="2" falsecount="0"/>
        <line num="13" count="1" type="stmt"/>
        <line num="17" count="6" type="stmt"/>
        <line num="18" count="6" type="cond" truecount="1" falsecount="0"/>
        <line num="19" count="5" type="stmt"/>
        <line num="23" count="2" type="stmt"/>
        <line num="24" count="2" type="cond" truecount="1" falsecount="1"/>
      </file>
      <file name="memory-category-repository.ts" path="/Users/alan.lima/Documents/projects/plutos/plutos-api/src/modules/account/infra/repository/memory-category-repository.ts">
        <metrics statements="7" coveredstatements="6" conditionals="3" coveredconditionals="3" methods="4" coveredmethods="3"/>
        <line num="3" count="1" type="stmt"/>
        <line num="5" count="1" type="stmt"/>
        <line num="9" count="6" type="cond" truecount="2" falsecount="0"/>
        <line num="13" count="0" type="stmt"/>
        <line num="17" count="2" type="stmt"/>
        <line num="18" count="2" type="cond" truecount="1" falsecount="0"/>
        <line num="19" count="1" type="stmt"/>
      </file>
      <file name="memory-transaction-repository.ts" path="/Users/alan.lima/Documents/projects/plutos/plutos-api/src/modules/account/infra/repository/memory-transaction-repository.ts">
        <metrics statements="3" coveredstatements="3" conditionals="2" coveredconditionals="2" methods="2" coveredmethods="2"/>
        <line num="4" count="1" type="stmt"/>
        <line num="8" count="6" type="cond" truecount="2" falsecount="0"/>
        <line num="12" count="2" type="stmt"/>
      </file>
    </package>
    <package name="common">
      <metrics statements="1" coveredstatements="1" conditionals="0" coveredconditionals="0" methods="0" coveredmethods="0"/>
      <file name="index.ts" path="/Users/alan.lima/Documents/projects/plutos/plutos-api/src/modules/common/index.ts">
        <metrics statements="1" coveredstatements="1" conditionals="0" coveredconditionals="0" methods="0" coveredmethods="0"/>
        <line num="1" count="2" type="stmt"/>
      </file>
    </package>
    <package name="common.error">
      <metrics statements="4" coveredstatements="4" conditionals="0" coveredconditionals="0" methods="1" coveredmethods="1"/>
      <file name="base-error.ts" path="/Users/alan.lima/Documents/projects/plutos/plutos-api/src/modules/common/error/base-error.ts">
        <metrics statements="3" coveredstatements="3" conditionals="0" coveredconditionals="0" methods="1" coveredmethods="1"/>
        <line num="8" count="2" type="stmt"/>
        <line num="10" count="4" type="stmt"/>
        <line num="11" count="4" type="stmt"/>
      </file>
      <file name="index.ts" path="/Users/alan.lima/Documents/projects/plutos/plutos-api/src/modules/common/error/index.ts">
        <metrics statements="1" coveredstatements="1" conditionals="0" coveredconditionals="0" methods="0" coveredmethods="0"/>
        <line num="1" count="2" type="stmt"/>
      </file>
    </package>
  </project>
</coverage>
